[0.232s] DEBUG:colcon:Command line arguments: ['/usr/bin/colcon', 'build']
[0.232s] DEBUG:colcon:Parsed command line arguments: Namespace(log_base=None, log_level=None, verb_name='build', build_base='build', install_base='install', merge_install=False, symlink_install=False, test_result_base=None, continue_on_error=False, executor='parallel', parallel_workers=8, event_handlers=None, ignore_user_meta=False, metas=['./colcon.meta'], base_paths=['.'], packages_ignore=None, packages_ignore_regex=None, paths=None, packages_up_to=None, packages_up_to_regex=None, packages_above=None, packages_above_and_dependencies=None, packages_above_depth=None, packages_select_by_dep=None, packages_skip_by_dep=None, packages_skip_up_to=None, packages_select_build_failed=False, packages_skip_build_finished=False, packages_select_test_failures=False, packages_skip_test_passed=False, packages_select=None, packages_skip=None, packages_select_regex=None, packages_skip_regex=None, packages_start=None, packages_end=None, allow_overriding=[], cmake_args=None, cmake_target=None, cmake_target_skip_unavailable=False, cmake_clean_cache=False, cmake_clean_first=False, cmake_force_configure=False, ament_cmake_args=None, catkin_cmake_args=None, catkin_skip_building_tests=False, verb_parser=<colcon_defaults.argument_parser.defaults.DefaultArgumentsDecorator object at 0x79394278ac20>, verb_extension=<colcon_core.verb.build.BuildVerb object at 0x793942740c40>, main=<bound method BuildVerb.main of <colcon_core.verb.build.BuildVerb object at 0x793942740c40>>)
[0.737s] Level 1:colcon.colcon_core.package_discovery:discover_packages(colcon_meta) check parameters
[0.737s] Level 1:colcon.colcon_core.package_discovery:discover_packages(recursive) check parameters
[0.737s] Level 1:colcon.colcon_core.package_discovery:discover_packages(ignore) check parameters
[0.737s] Level 1:colcon.colcon_core.package_discovery:discover_packages(path) check parameters
[0.737s] Level 1:colcon.colcon_core.package_discovery:discover_packages(colcon_meta) discover
[0.737s] Level 1:colcon.colcon_core.package_discovery:discover_packages(recursive) discover
[0.738s] INFO:colcon.colcon_core.package_discovery:Crawling recursively for packages in '/home/astik/2D_bot_sim'
[0.738s] Level 1:colcon.colcon_core.package_identification:_identify(.) by extensions ['ignore', 'ignore_ament_install']
[0.738s] Level 1:colcon.colcon_core.package_identification:_identify(.) by extension 'ignore'
[0.738s] Level 1:colcon.colcon_core.package_identification:_identify(.) by extension 'ignore_ament_install'
[0.738s] Level 1:colcon.colcon_core.package_identification:_identify(.) by extensions ['colcon_pkg']
[0.738s] Level 1:colcon.colcon_core.package_identification:_identify(.) by extension 'colcon_pkg'
[0.738s] Level 1:colcon.colcon_core.package_identification:_identify(.) by extensions ['colcon_meta']
[0.738s] Level 1:colcon.colcon_core.package_identification:_identify(.) by extension 'colcon_meta'
[0.738s] Level 1:colcon.colcon_core.package_identification:_identify(.) by extensions ['ros']
[0.738s] Level 1:colcon.colcon_core.package_identification:_identify(.) by extension 'ros'
[0.761s] Level 1:colcon.colcon_core.package_identification:_identify(.) by extensions ['cmake', 'python']
[0.761s] Level 1:colcon.colcon_core.package_identification:_identify(.) by extension 'cmake'
[0.761s] Level 1:colcon.colcon_core.package_identification:_identify(.) by extension 'python'
[0.761s] Level 1:colcon.colcon_core.package_identification:_identify(.) by extensions ['python_setup_py']
[0.762s] Level 1:colcon.colcon_core.package_identification:_identify(.) by extension 'python_setup_py'
[0.762s] Level 1:colcon.colcon_core.package_identification:_identify(build) by extensions ['ignore', 'ignore_ament_install']
[0.762s] Level 1:colcon.colcon_core.package_identification:_identify(build) by extension 'ignore'
[0.762s] Level 1:colcon.colcon_core.package_identification:_identify(build) ignored
[0.763s] Level 1:colcon.colcon_core.package_identification:_identify(install) by extensions ['ignore', 'ignore_ament_install']
[0.763s] Level 1:colcon.colcon_core.package_identification:_identify(install) by extension 'ignore'
[0.763s] Level 1:colcon.colcon_core.package_identification:_identify(install) ignored
[0.763s] Level 1:colcon.colcon_core.package_identification:_identify(log) by extensions ['ignore', 'ignore_ament_install']
[0.763s] Level 1:colcon.colcon_core.package_identification:_identify(log) by extension 'ignore'
[0.763s] Level 1:colcon.colcon_core.package_identification:_identify(log) ignored
[0.763s] Level 1:colcon.colcon_core.package_identification:_identify(src) by extensions ['ignore', 'ignore_ament_install']
[0.763s] Level 1:colcon.colcon_core.package_identification:_identify(src) by extension 'ignore'
[0.764s] Level 1:colcon.colcon_core.package_identification:_identify(src) by extension 'ignore_ament_install'
[0.764s] Level 1:colcon.colcon_core.package_identification:_identify(src) by extensions ['colcon_pkg']
[0.764s] Level 1:colcon.colcon_core.package_identification:_identify(src) by extension 'colcon_pkg'
[0.764s] Level 1:colcon.colcon_core.package_identification:_identify(src) by extensions ['colcon_meta']
[0.764s] Level 1:colcon.colcon_core.package_identification:_identify(src) by extension 'colcon_meta'
[0.764s] Level 1:colcon.colcon_core.package_identification:_identify(src) by extensions ['ros']
[0.764s] Level 1:colcon.colcon_core.package_identification:_identify(src) by extension 'ros'
[0.764s] Level 1:colcon.colcon_core.package_identification:_identify(src) by extensions ['cmake', 'python']
[0.764s] Level 1:colcon.colcon_core.package_identification:_identify(src) by extension 'cmake'
[0.764s] Level 1:colcon.colcon_core.package_identification:_identify(src) by extension 'python'
[0.764s] Level 1:colcon.colcon_core.package_identification:_identify(src) by extensions ['python_setup_py']
[0.764s] Level 1:colcon.colcon_core.package_identification:_identify(src) by extension 'python_setup_py'
[0.765s] Level 1:colcon.colcon_core.package_identification:_identify(src/bot_sim) by extensions ['ignore', 'ignore_ament_install']
[0.765s] Level 1:colcon.colcon_core.package_identification:_identify(src/bot_sim) by extension 'ignore'
[0.765s] Level 1:colcon.colcon_core.package_identification:_identify(src/bot_sim) by extension 'ignore_ament_install'
[0.765s] Level 1:colcon.colcon_core.package_identification:_identify(src/bot_sim) by extensions ['colcon_pkg']
[0.765s] Level 1:colcon.colcon_core.package_identification:_identify(src/bot_sim) by extension 'colcon_pkg'
[0.765s] Level 1:colcon.colcon_core.package_identification:_identify(src/bot_sim) by extensions ['colcon_meta']
[0.765s] Level 1:colcon.colcon_core.package_identification:_identify(src/bot_sim) by extension 'colcon_meta'
[0.765s] Level 1:colcon.colcon_core.package_identification:_identify(src/bot_sim) by extensions ['ros']
[0.765s] Level 1:colcon.colcon_core.package_identification:_identify(src/bot_sim) by extension 'ros'
[0.771s] DEBUG:colcon.colcon_core.package_identification:Package 'src/bot_sim' with type 'ros.ament_cmake' and name 'bot_sim'
[0.771s] Level 1:colcon.colcon_core.package_discovery:discover_packages(recursive) using defaults
[0.771s] Level 1:colcon.colcon_core.package_discovery:discover_packages(ignore) discover
[0.772s] Level 1:colcon.colcon_core.package_discovery:discover_packages(ignore) using defaults
[0.772s] Level 1:colcon.colcon_core.package_discovery:discover_packages(path) discover
[0.772s] Level 1:colcon.colcon_core.package_discovery:discover_packages(path) using defaults
[0.814s] Level 1:colcon.colcon_core.package_discovery:discover_packages(prefix_path) check parameters
[0.815s] Level 1:colcon.colcon_core.package_discovery:discover_packages(prefix_path) discover
[0.822s] DEBUG:colcon.colcon_installed_package_information.package_discovery:Found 39 installed packages in /home/astik/microros_ws/install
[0.826s] DEBUG:colcon.colcon_installed_package_information.package_discovery:Found 369 installed packages in /opt/ros/humble
[0.831s] Level 1:colcon.colcon_core.package_discovery:discover_packages(prefix_path) using defaults
[0.924s] Level 5:colcon.colcon_core.verb:set package 'bot_sim' build argument 'cmake_args' from command line to 'None'
[0.924s] Level 5:colcon.colcon_core.verb:set package 'bot_sim' build argument 'cmake_target' from command line to 'None'
[0.924s] Level 5:colcon.colcon_core.verb:set package 'bot_sim' build argument 'cmake_target_skip_unavailable' from command line to 'False'
[0.924s] Level 5:colcon.colcon_core.verb:set package 'bot_sim' build argument 'cmake_clean_cache' from command line to 'False'
[0.924s] Level 5:colcon.colcon_core.verb:set package 'bot_sim' build argument 'cmake_clean_first' from command line to 'False'
[0.924s] Level 5:colcon.colcon_core.verb:set package 'bot_sim' build argument 'cmake_force_configure' from command line to 'False'
[0.924s] Level 5:colcon.colcon_core.verb:set package 'bot_sim' build argument 'ament_cmake_args' from command line to 'None'
[0.924s] Level 5:colcon.colcon_core.verb:set package 'bot_sim' build argument 'catkin_cmake_args' from command line to 'None'
[0.924s] Level 5:colcon.colcon_core.verb:set package 'bot_sim' build argument 'catkin_skip_building_tests' from command line to 'False'
[0.924s] DEBUG:colcon.colcon_core.verb:Building package 'bot_sim' with the following arguments: {'ament_cmake_args': None, 'build_base': '/home/astik/2D_bot_sim/build/bot_sim', 'catkin_cmake_args': None, 'catkin_skip_building_tests': False, 'cmake_args': None, 'cmake_clean_cache': False, 'cmake_clean_first': False, 'cmake_force_configure': False, 'cmake_target': None, 'cmake_target_skip_unavailable': False, 'install_base': '/home/astik/2D_bot_sim/install/bot_sim', 'merge_install': False, 'path': '/home/astik/2D_bot_sim/src/bot_sim', 'symlink_install': False, 'test_result_base': None}
[0.925s] INFO:colcon.colcon_core.executor:Executing jobs using 'parallel' executor
[0.927s] DEBUG:colcon.colcon_parallel_executor.executor.parallel:run_until_complete
[0.927s] INFO:colcon.colcon_ros.task.ament_cmake.build:Building ROS package in '/home/astik/2D_bot_sim/src/bot_sim' with build type 'ament_cmake'
[0.927s] INFO:colcon.colcon_cmake.task.cmake.build:Building CMake package in '/home/astik/2D_bot_sim/src/bot_sim'
[0.932s] INFO:colcon.colcon_core.plugin_system:Skipping extension 'colcon_core.shell.bat': Not used on non-Windows systems
[0.933s] INFO:colcon.colcon_core.shell:Skip shell extension 'powershell' for command environment: Not usable outside of PowerShell
[0.933s] DEBUG:colcon.colcon_core.shell:Skip shell extension 'dsv' for command environment
[0.961s] DEBUG:colcon.colcon_core.event_handler.log_command:Invoking command in '/home/astik/2D_bot_sim/build/bot_sim': CMAKE_PREFIX_PATH=${CMAKE_PREFIX_PATH}:/opt/ros/humble:/home/astik/microros_ws/install/sensor_msgs_py CONDA_PROMPT_MODIFIER=(drones) /home/astik/.local/bin/cmake /home/astik/2D_bot_sim/src/bot_sim -DCMAKE_INSTALL_PREFIX=/home/astik/2D_bot_sim/install/bot_sim
[2.858s] DEBUG:colcon.colcon_core.event_handler.log_command:Invoked command in '/home/astik/2D_bot_sim/build/bot_sim' returned '0': CMAKE_PREFIX_PATH=${CMAKE_PREFIX_PATH}:/opt/ros/humble:/home/astik/microros_ws/install/sensor_msgs_py CONDA_PROMPT_MODIFIER=(drones) /home/astik/.local/bin/cmake /home/astik/2D_bot_sim/src/bot_sim -DCMAKE_INSTALL_PREFIX=/home/astik/2D_bot_sim/install/bot_sim
[2.862s] DEBUG:colcon.colcon_core.event_handler.log_command:Invoking command in '/home/astik/2D_bot_sim/build/bot_sim': CMAKE_PREFIX_PATH=${CMAKE_PREFIX_PATH}:/opt/ros/humble:/home/astik/microros_ws/install/sensor_msgs_py CONDA_PROMPT_MODIFIER=(drones) /home/astik/.local/bin/cmake --build /home/astik/2D_bot_sim/build/bot_sim -- -j8 -l8
[3.111s] DEBUG:colcon.colcon_core.event_handler.log_command:Invoked command in '/home/astik/2D_bot_sim/build/bot_sim' returned '0': CMAKE_PREFIX_PATH=${CMAKE_PREFIX_PATH}:/opt/ros/humble:/home/astik/microros_ws/install/sensor_msgs_py CONDA_PROMPT_MODIFIER=(drones) /home/astik/.local/bin/cmake --build /home/astik/2D_bot_sim/build/bot_sim -- -j8 -l8
[3.582s] DEBUG:colcon.colcon_core.event_handler.log_command:Invoking command in '/home/astik/2D_bot_sim/build/bot_sim': CMAKE_PREFIX_PATH=${CMAKE_PREFIX_PATH}:/opt/ros/humble:/home/astik/microros_ws/install/sensor_msgs_py CONDA_PROMPT_MODIFIER=(drones) /home/astik/.local/bin/cmake --install /home/astik/2D_bot_sim/build/bot_sim
[3.790s] Level 1:colcon.colcon_core.environment:create_environment_scripts_only(bot_sim)
[3.791s] DEBUG:colcon.colcon_core.event_handler.log_command:Invoked command in '/home/astik/2D_bot_sim/build/bot_sim' returned '0': CMAKE_PREFIX_PATH=${CMAKE_PREFIX_PATH}:/opt/ros/humble:/home/astik/microros_ws/install/sensor_msgs_py CONDA_PROMPT_MODIFIER=(drones) /home/astik/.local/bin/cmake --install /home/astik/2D_bot_sim/build/bot_sim
[3.796s] Level 1:colcon.colcon_core.environment:checking '/home/astik/2D_bot_sim/install/bot_sim' for CMake module files
[3.797s] Level 1:colcon.colcon_core.environment:checking '/home/astik/2D_bot_sim/install/bot_sim' for CMake config files
[3.797s] Level 1:colcon.colcon_core.shell:create_environment_hook('bot_sim', 'cmake_prefix_path')
[3.797s] INFO:colcon.colcon_core.shell:Creating environment hook '/home/astik/2D_bot_sim/install/bot_sim/share/bot_sim/hook/cmake_prefix_path.ps1'
[3.799s] INFO:colcon.colcon_core.shell:Creating environment descriptor '/home/astik/2D_bot_sim/install/bot_sim/share/bot_sim/hook/cmake_prefix_path.dsv'
[3.799s] INFO:colcon.colcon_core.shell:Creating environment hook '/home/astik/2D_bot_sim/install/bot_sim/share/bot_sim/hook/cmake_prefix_path.sh'
[3.801s] Level 1:colcon.colcon_core.environment:checking '/home/astik/2D_bot_sim/install/bot_sim/bin'
[3.801s] Level 1:colcon.colcon_core.environment:checking '/home/astik/2D_bot_sim/install/bot_sim/lib/pkgconfig/bot_sim.pc'
[3.801s] Level 1:colcon.colcon_core.environment:checking '/home/astik/2D_bot_sim/install/bot_sim/lib/python3.10/site-packages'
[3.802s] Level 1:colcon.colcon_core.environment:checking '/home/astik/2D_bot_sim/install/bot_sim/bin'
[3.802s] INFO:colcon.colcon_core.shell:Creating package script '/home/astik/2D_bot_sim/install/bot_sim/share/bot_sim/package.ps1'
[3.804s] INFO:colcon.colcon_core.shell:Creating package descriptor '/home/astik/2D_bot_sim/install/bot_sim/share/bot_sim/package.dsv'
[3.805s] INFO:colcon.colcon_core.shell:Creating package script '/home/astik/2D_bot_sim/install/bot_sim/share/bot_sim/package.sh'
[3.806s] INFO:colcon.colcon_core.shell:Creating package script '/home/astik/2D_bot_sim/install/bot_sim/share/bot_sim/package.bash'
[3.807s] INFO:colcon.colcon_core.shell:Creating package script '/home/astik/2D_bot_sim/install/bot_sim/share/bot_sim/package.zsh'
[3.808s] Level 1:colcon.colcon_core.environment:create_file_with_runtime_dependencies(/home/astik/2D_bot_sim/install/bot_sim/share/colcon-core/packages/bot_sim)
[4.067s] Level 1:colcon.colcon_core.environment:create_environment_scripts_only(bot_sim)
[4.068s] Level 1:colcon.colcon_core.environment:checking '/home/astik/2D_bot_sim/install/bot_sim' for CMake module files
[4.069s] Level 1:colcon.colcon_core.environment:checking '/home/astik/2D_bot_sim/install/bot_sim' for CMake config files
[4.069s] Level 1:colcon.colcon_core.shell:create_environment_hook('bot_sim', 'cmake_prefix_path')
[4.069s] INFO:colcon.colcon_core.shell:Creating environment hook '/home/astik/2D_bot_sim/install/bot_sim/share/bot_sim/hook/cmake_prefix_path.ps1'
[4.070s] INFO:colcon.colcon_core.shell:Creating environment descriptor '/home/astik/2D_bot_sim/install/bot_sim/share/bot_sim/hook/cmake_prefix_path.dsv'
[4.071s] INFO:colcon.colcon_core.shell:Creating environment hook '/home/astik/2D_bot_sim/install/bot_sim/share/bot_sim/hook/cmake_prefix_path.sh'
[4.072s] Level 1:colcon.colcon_core.environment:checking '/home/astik/2D_bot_sim/install/bot_sim/bin'
[4.072s] Level 1:colcon.colcon_core.environment:checking '/home/astik/2D_bot_sim/install/bot_sim/lib/pkgconfig/bot_sim.pc'
[4.072s] Level 1:colcon.colcon_core.environment:checking '/home/astik/2D_bot_sim/install/bot_sim/lib/python3.10/site-packages'
[4.072s] Level 1:colcon.colcon_core.environment:checking '/home/astik/2D_bot_sim/install/bot_sim/bin'
[4.073s] INFO:colcon.colcon_core.shell:Creating package script '/home/astik/2D_bot_sim/install/bot_sim/share/bot_sim/package.ps1'
[4.074s] INFO:colcon.colcon_core.shell:Creating package descriptor '/home/astik/2D_bot_sim/install/bot_sim/share/bot_sim/package.dsv'
[4.074s] INFO:colcon.colcon_core.shell:Creating package script '/home/astik/2D_bot_sim/install/bot_sim/share/bot_sim/package.sh'
[4.075s] INFO:colcon.colcon_core.shell:Creating package script '/home/astik/2D_bot_sim/install/bot_sim/share/bot_sim/package.bash'
[4.076s] INFO:colcon.colcon_core.shell:Creating package script '/home/astik/2D_bot_sim/install/bot_sim/share/bot_sim/package.zsh'
[4.076s] Level 1:colcon.colcon_core.environment:create_file_with_runtime_dependencies(/home/astik/2D_bot_sim/install/bot_sim/share/colcon-core/packages/bot_sim)
[4.077s] DEBUG:colcon.colcon_parallel_executor.executor.parallel:closing loop
[4.077s] DEBUG:colcon.colcon_parallel_executor.executor.parallel:loop closed
[4.077s] DEBUG:colcon.colcon_parallel_executor.executor.parallel:run_until_complete finished with '0'
[4.077s] DEBUG:colcon.colcon_core.event_reactor:joining thread
[4.089s] INFO:colcon.colcon_core.plugin_system:Skipping extension 'colcon_notification.desktop_notification.terminal_notifier': Not used on non-Darwin systems
[4.090s] INFO:colcon.colcon_core.plugin_system:Skipping extension 'colcon_notification.desktop_notification.win32': Not used on non-Windows systems
[4.090s] INFO:colcon.colcon_notification.desktop_notification:Sending desktop notification using 'notify2'
[4.113s] DEBUG:colcon.colcon_core.event_reactor:joined thread
[4.114s] INFO:colcon.colcon_core.shell:Creating prefix script '/home/astik/2D_bot_sim/install/local_setup.ps1'
[4.116s] INFO:colcon.colcon_core.shell:Creating prefix util module '/home/astik/2D_bot_sim/install/_local_setup_util_ps1.py'
[4.119s] INFO:colcon.colcon_core.shell:Creating prefix chain script '/home/astik/2D_bot_sim/install/setup.ps1'
[4.124s] INFO:colcon.colcon_core.shell:Creating prefix script '/home/astik/2D_bot_sim/install/local_setup.sh'
[4.125s] INFO:colcon.colcon_core.shell:Creating prefix util module '/home/astik/2D_bot_sim/install/_local_setup_util_sh.py'
[4.125s] INFO:colcon.colcon_core.shell:Creating prefix chain script '/home/astik/2D_bot_sim/install/setup.sh'
[4.129s] INFO:colcon.colcon_core.shell:Creating prefix script '/home/astik/2D_bot_sim/install/local_setup.bash'
[4.130s] INFO:colcon.colcon_core.shell:Creating prefix chain script '/home/astik/2D_bot_sim/install/setup.bash'
[4.135s] INFO:colcon.colcon_core.shell:Creating prefix script '/home/astik/2D_bot_sim/install/local_setup.zsh'
[4.136s] INFO:colcon.colcon_core.shell:Creating prefix chain script '/home/astik/2D_bot_sim/install/setup.zsh'
