-- The C compiler identification is GNU 11.4.0
-- The CXX compiler identification is GNU 11.4.0
-- Detecting C compiler ABI info
-- Detecting C compiler ABI info - done
-- Check for working C compiler: /usr/lib/ccache/cc - skipped
-- Detecting C compile features
-- Detecting C compile features - done
-- Detecting CXX compiler ABI info
-- Detecting CXX compiler ABI info - done
-- Check for working CXX compiler: /usr/lib/ccache/c++ - skipped
-- Detecting CXX compile features
-- Detecting CXX compile features - done
-- Found ament_cmake: 1.3.9 (/opt/ros/humble/share/ament_cmake/cmake)
-- Found Python3: /home/astik/anaconda3/envs/drones/bin/python3 (found version "3.10.9") found components: Interpreter
-- Found ament_lint_auto: 0.12.11 (/opt/ros/humble/share/ament_lint_auto/cmake)
-- Added test 'lint_cmake' to check CMake code style
-- Added test 'xmllint' to check XML markup files
-- Configuring done (1.6s)
-- Generating done (0.0s)
-- Build files have been written to: /home/astik/2D_bot_sim/build/bot_sim
-- Install configuration: ""
-- Installing: /home/astik/2D_bot_sim/install/bot_sim/share/ament_index/resource_index/package_run_dependencies/bot_sim
-- Installing: /home/astik/2D_bot_sim/install/bot_sim/share/ament_index/resource_index/parent_prefix_path/bot_sim
-- Installing: /home/astik/2D_bot_sim/install/bot_sim/share/bot_sim/environment/ament_prefix_path.sh
-- Installing: /home/astik/2D_bot_sim/install/bot_sim/share/bot_sim/environment/ament_prefix_path.dsv
-- Installing: /home/astik/2D_bot_sim/install/bot_sim/share/bot_sim/environment/path.sh
-- Installing: /home/astik/2D_bot_sim/install/bot_sim/share/bot_sim/environment/path.dsv
-- Installing: /home/astik/2D_bot_sim/install/bot_sim/share/bot_sim/local_setup.bash
-- Installing: /home/astik/2D_bot_sim/install/bot_sim/share/bot_sim/local_setup.sh
-- Installing: /home/astik/2D_bot_sim/install/bot_sim/share/bot_sim/local_setup.zsh
-- Installing: /home/astik/2D_bot_sim/install/bot_sim/share/bot_sim/local_setup.dsv
-- Installing: /home/astik/2D_bot_sim/install/bot_sim/share/bot_sim/package.dsv
-- Installing: /home/astik/2D_bot_sim/install/bot_sim/share/ament_index/resource_index/packages/bot_sim
-- Installing: /home/astik/2D_bot_sim/install/bot_sim/share/bot_sim/cmake/bot_simConfig.cmake
-- Installing: /home/astik/2D_bot_sim/install/bot_sim/share/bot_sim/cmake/bot_simConfig-version.cmake
-- Installing: /home/astik/2D_bot_sim/install/bot_sim/share/bot_sim/package.xml
