[0.033s] Invoking command in '/home/astik/2D_bot_sim/build/bot_sim': CMAKE_PREFIX_PATH=${CMAKE_PREFIX_PATH}:/opt/ros/humble:/home/astik/microros_ws/install/sensor_msgs_py CONDA_PROMPT_MODIFIER=(drones) /home/astik/.local/bin/cmake /home/astik/2D_bot_sim/src/bot_sim -DCMAKE_INSTALL_PREFIX=/home/astik/2D_bot_sim/install/bot_sim
[0.393s] -- The C compiler identification is GNU 11.4.0
[0.535s] -- The CXX compiler identification is GNU 11.4.0
[0.568s] -- Detecting C compiler ABI info
[0.697s] -- Detecting C compiler ABI info - done
[0.734s] -- Check for working C compiler: /usr/lib/ccache/cc - skipped
[0.734s] -- Detecting C compile features
[0.735s] -- Detecting C compile features - done
[0.744s] -- Detecting CXX compiler ABI info
[0.892s] -- Detecting CXX compiler ABI info - done
[0.934s] -- Check for working CXX compiler: /usr/lib/ccache/c++ - skipped
[0.935s] -- Detecting CXX compile features
[0.937s] -- Detecting CXX compile features - done
[0.947s] -- Found ament_cmake: 1.3.9 (/opt/ros/humble/share/ament_cmake/cmake)
[1.322s] -- Found Python3: /home/astik/anaconda3/envs/drones/bin/python3 (found version "3.10.9") found components: Interpreter
[1.609s] -- Found ament_lint_auto: 0.12.11 (/opt/ros/humble/share/ament_lint_auto/cmake)
[1.876s] -- Added test 'lint_cmake' to check CMake code style
[1.880s] -- Added test 'xmllint' to check XML markup files
[1.885s] -- Configuring done (1.6s)
[1.892s] -- Generating done (0.0s)
[1.895s] -- Build files have been written to: /home/astik/2D_bot_sim/build/bot_sim
[1.930s] Invoked command in '/home/astik/2D_bot_sim/build/bot_sim' returned '0': CMAKE_PREFIX_PATH=${CMAKE_PREFIX_PATH}:/opt/ros/humble:/home/astik/microros_ws/install/sensor_msgs_py CONDA_PROMPT_MODIFIER=(drones) /home/astik/.local/bin/cmake /home/astik/2D_bot_sim/src/bot_sim -DCMAKE_INSTALL_PREFIX=/home/astik/2D_bot_sim/install/bot_sim
[1.934s] Invoking command in '/home/astik/2D_bot_sim/build/bot_sim': CMAKE_PREFIX_PATH=${CMAKE_PREFIX_PATH}:/opt/ros/humble:/home/astik/microros_ws/install/sensor_msgs_py CONDA_PROMPT_MODIFIER=(drones) /home/astik/.local/bin/cmake --build /home/astik/2D_bot_sim/build/bot_sim -- -j8 -l8
[2.183s] Invoked command in '/home/astik/2D_bot_sim/build/bot_sim' returned '0': CMAKE_PREFIX_PATH=${CMAKE_PREFIX_PATH}:/opt/ros/humble:/home/astik/microros_ws/install/sensor_msgs_py CONDA_PROMPT_MODIFIER=(drones) /home/astik/.local/bin/cmake --build /home/astik/2D_bot_sim/build/bot_sim -- -j8 -l8
[2.654s] Invoking command in '/home/astik/2D_bot_sim/build/bot_sim': CMAKE_PREFIX_PATH=${CMAKE_PREFIX_PATH}:/opt/ros/humble:/home/astik/microros_ws/install/sensor_msgs_py CONDA_PROMPT_MODIFIER=(drones) /home/astik/.local/bin/cmake --install /home/astik/2D_bot_sim/build/bot_sim
[2.833s] -- Install configuration: ""
[2.833s] -- Installing: /home/astik/2D_bot_sim/install/bot_sim/share/ament_index/resource_index/package_run_dependencies/bot_sim
[2.833s] -- Installing: /home/astik/2D_bot_sim/install/bot_sim/share/ament_index/resource_index/parent_prefix_path/bot_sim
[2.834s] -- Installing: /home/astik/2D_bot_sim/install/bot_sim/share/bot_sim/environment/ament_prefix_path.sh
[2.834s] -- Installing: /home/astik/2D_bot_sim/install/bot_sim/share/bot_sim/environment/ament_prefix_path.dsv
[2.834s] -- Installing: /home/astik/2D_bot_sim/install/bot_sim/share/bot_sim/environment/path.sh
[2.834s] -- Installing: /home/astik/2D_bot_sim/install/bot_sim/share/bot_sim/environment/path.dsv
[2.834s] -- Installing: /home/astik/2D_bot_sim/install/bot_sim/share/bot_sim/local_setup.bash
[2.835s] -- Installing: /home/astik/2D_bot_sim/install/bot_sim/share/bot_sim/local_setup.sh
[2.835s] -- Installing: /home/astik/2D_bot_sim/install/bot_sim/share/bot_sim/local_setup.zsh
[2.835s] -- Installing: /home/astik/2D_bot_sim/install/bot_sim/share/bot_sim/local_setup.dsv
[2.835s] -- Installing: /home/astik/2D_bot_sim/install/bot_sim/share/bot_sim/package.dsv
[2.835s] -- Installing: /home/astik/2D_bot_sim/install/bot_sim/share/ament_index/resource_index/packages/bot_sim
[2.836s] -- Installing: /home/astik/2D_bot_sim/install/bot_sim/share/bot_sim/cmake/bot_simConfig.cmake
[2.836s] -- Installing: /home/astik/2D_bot_sim/install/bot_sim/share/bot_sim/cmake/bot_simConfig-version.cmake
[2.836s] -- Installing: /home/astik/2D_bot_sim/install/bot_sim/share/bot_sim/package.xml
[2.863s] Invoked command in '/home/astik/2D_bot_sim/build/bot_sim' returned '0': CMAKE_PREFIX_PATH=${CMAKE_PREFIX_PATH}:/opt/ros/humble:/home/astik/microros_ws/install/sensor_msgs_py CONDA_PROMPT_MODIFIER=(drones) /home/astik/.local/bin/cmake --install /home/astik/2D_bot_sim/build/bot_sim
